<?xml version="1.0" ?>
<coverage lines-valid="641" lines-covered="343" line-rate="0.535101">
  <sources>
    <source>.</source>
  </sources>
  <packages>
    <package name="." line-rate="0.535101">
      <classes>
        <class name="lib/mv.ml" filename="lib/mv.ml" line-rate="0.516129">
          <lines>
            <line number="12" hits="0"/>
            <line number="13" hits="7"/>
            <line number="14" hits="0"/>
            <line number="15" hits="501"/>
            <line number="16" hits="500"/>
            <line number="17" hits="0"/>
            <line number="18" hits="501"/>
            <line number="19" hits="501"/>
            <line number="20" hits="496"/>
            <line number="21" hits="0"/>
            <line number="22" hits="0"/>
            <line number="23" hits="0"/>
            <line number="24" hits="501"/>
            <line number="27" hits="7"/>
            <line number="28" hits="0"/>
            <line number="29" hits="0"/>
            <line number="30" hits="0"/>
            <line number="31" hits="0"/>
            <line number="32" hits="0"/>
            <line number="37" hits="0"/>
            <line number="38" hits="0"/>
            <line number="40" hits="508"/>
            <line number="41" hits="1"/>
            <line number="42" hits="507"/>
            <line number="44" hits="507"/>
            <line number="45" hits="501"/>
            <line number="46" hits="6"/>
            <line number="51" hits="4"/>
            <line number="52" hits="0"/>
            <line number="53" hits="4"/>
            <line number="54" hits="0"/>
          </lines>
        </class>
        <class name="lib/report.ml" filename="lib/report.ml" line-rate="0.352201">
          <lines>
            <line number="16" hits="0"/>
            <line number="17" hits="11"/>
            <line number="18" hits="11"/>
            <line number="19" hits="0"/>
            <line number="23" hits="1"/>
            <line number="24" hits="1"/>
            <line number="25" hits="1"/>
            <line number="28" hits="0"/>
            <line number="29" hits="0"/>
            <line number="30" hits="0"/>
            <line number="33" hits="2"/>
            <line number="34" hits="1"/>
            <line number="35" hits="1"/>
            <line number="38" hits="2"/>
            <line number="39" hits="0"/>
            <line number="40" hits="0"/>
            <line number="42" hits="0"/>
            <line number="43" hits="0"/>
            <line number="44" hits="0"/>
            <line number="45" hits="0"/>
            <line number="46" hits="0"/>
            <line number="50" hits="379"/>
            <line number="51" hits="0"/>
            <line number="52" hits="0"/>
            <line number="53" hits="1928"/>
            <line number="56" hits="4606"/>
            <line number="57" hits="0"/>
            <line number="58" hits="4606"/>
            <line number="61" hits="4606"/>
            <line number="62" hits="4606"/>
            <line number="63" hits="26281"/>
            <line number="64" hits="53690"/>
            <line number="65" hits="379"/>
            <line number="66" hits="433200"/>
            <line number="68" hits="4606"/>
            <line number="72" hits="2303"/>
            <line number="73" hits="0"/>
            <line number="74" hits="0"/>
            <line number="75" hits="2303"/>
            <line number="77" hits="2303"/>
            <line number="78" hits="0"/>
            <line number="79" hits="2303"/>
            <line number="82" hits="2303"/>
            <line number="83" hits="131"/>
            <line number="84" hits="1349"/>
            <line number="85" hits="1480"/>
            <line number="86" hits="823"/>
            <line number="89" hits="0"/>
            <line number="93" hits="0"/>
            <line number="94" hits="0"/>
            <line number="95" hits="0"/>
            <line number="96" hits="0"/>
            <line number="99" hits="0"/>
            <line number="100" hits="0"/>
            <line number="101" hits="0"/>
            <line number="102" hits="0"/>
            <line number="107" hits="0"/>
            <line number="108" hits="0"/>
            <line number="110" hits="0"/>
            <line number="112" hits="0"/>
            <line number="116" hits="0"/>
            <line number="118" hits="0"/>
            <line number="119" hits="0"/>
            <line number="120" hits="0"/>
            <line number="121" hits="0"/>
            <line number="127" hits="0"/>
            <line number="128" hits="0"/>
            <line number="129" hits="0"/>
            <line number="130" hits="0"/>
            <line number="131" hits="0"/>
            <line number="133" hits="0"/>
            <line number="134" hits="0"/>
            <line number="136" hits="0"/>
            <line number="137" hits="0"/>
            <line number="140" hits="0"/>
            <line number="143" hits="0"/>
            <line number="144" hits="0"/>
            <line number="147" hits="0"/>
            <line number="150" hits="0"/>
            <line number="155" hits="0"/>
            <line number="157" hits="0"/>
            <line number="161" hits="0"/>
            <line number="162" hits="0"/>
            <line number="165" hits="0"/>
            <line number="167" hits="0"/>
            <line number="169" hits="0"/>
            <line number="170" hits="0"/>
            <line number="171" hits="0"/>
            <line number="181" hits="0"/>
            <line number="184" hits="0"/>
            <line number="185" hits="0"/>
            <line number="188" hits="0"/>
            <line number="190" hits="0"/>
            <line number="192" hits="0"/>
            <line number="193" hits="0"/>
            <line number="195" hits="0"/>
            <line number="198" hits="2"/>
            <line number="200" hits="2"/>
            <line number="201" hits="2"/>
            <line number="204" hits="2"/>
            <line number="209" hits="2"/>
            <line number="210" hits="2"/>
            <line number="211" hits="2"/>
            <line number="212" hits="2"/>
            <line number="214" hits="2"/>
            <line number="215" hits="1"/>
            <line number="217" hits="1"/>
            <line number="218" hits="1"/>
            <line number="220" hits="1"/>
            <line number="221" hits="1"/>
            <line number="222" hits="1"/>
            <line number="223" hits="1"/>
            <line number="226" hits="1"/>
            <line number="232" hits="0"/>
            <line number="233" hits="0"/>
            <line number="234" hits="0"/>
            <line number="235" hits="0"/>
            <line number="238" hits="0"/>
            <line number="240" hits="0"/>
            <line number="241" hits="0"/>
            <line number="242" hits="0"/>
            <line number="244" hits="1"/>
            <line number="246" hits="1"/>
            <line number="248" hits="1"/>
            <line number="249" hits="0"/>
            <line number="254" hits="1"/>
            <line number="255" hits="1"/>
            <line number="257" hits="1"/>
            <line number="258" hits="1"/>
            <line number="263" hits="1"/>
            <line number="264" hits="1"/>
            <line number="268" hits="0"/>
            <line number="270" hits="0"/>
            <line number="271" hits="0"/>
            <line number="272" hits="0"/>
            <line number="275" hits="0"/>
            <line number="281" hits="0"/>
            <line number="283" hits="0"/>
            <line number="285" hits="0"/>
            <line number="287" hits="0"/>
            <line number="289" hits="0"/>
            <line number="291" hits="0"/>
            <line number="292" hits="0"/>
            <line number="294" hits="0"/>
            <line number="296" hits="0"/>
            <line number="298" hits="0"/>
            <line number="300" hits="0"/>
            <line number="301" hits="0"/>
            <line number="303" hits="0"/>
            <line number="304" hits="0"/>
            <line number="306" hits="0"/>
            <line number="307" hits="0"/>
            <line number="310" hits="0"/>
            <line number="312" hits="0"/>
            <line number="313" hits="0"/>
            <line number="314" hits="0"/>
            <line number="315" hits="0"/>
            <line number="316" hits="0"/>
            <line number="319" hits="2"/>
          </lines>
        </class>
        <class name="lib/rgssad_core.ml" filename="lib/rgssad_core.ml" line-rate="0.871795">
          <lines>
            <line number="23" hits="2"/>
            <line number="24" hits="0"/>
            <line number="25" hits="2"/>
            <line number="27" hits="2"/>
            <line number="28" hits="2"/>
            <line number="29" hits="34"/>
            <line number="30" hits="34"/>
            <line number="31" hits="34"/>
            <line number="33" hits="34"/>
            <line number="36" hits="2"/>
            <line number="37" hits="0"/>
            <line number="43" hits="24"/>
            <line number="44" hits="24"/>
            <line number="45" hits="24"/>
            <line number="46" hits="24"/>
            <line number="50" hits="2006"/>
            <line number="51" hits="4"/>
            <line number="52" hits="1997"/>
            <line number="53" hits="5"/>
            <line number="54" hits="2"/>
            <line number="55" hits="3"/>
            <line number="62" hits="0"/>
            <line number="63" hits="5"/>
            <line number="65" hits="5"/>
            <line number="67" hits="5"/>
            <line number="69" hits="5"/>
            <line number="72" hits="2"/>
            <line number="73" hits="1"/>
            <line number="75" hits="2"/>
            <line number="76" hits="1"/>
            <line number="80" hits="2"/>
            <line number="82" hits="2"/>
            <line number="84" hits="2"/>
            <line number="86" hits="2"/>
            <line number="90" hits="1"/>
            <line number="95" hits="1"/>
            <line number="97" hits="0"/>
            <line number="98" hits="1"/>
            <line number="99" hits="0"/>
          </lines>
        </class>
        <class name="lib/types.ml" filename="lib/types.ml" line-rate="0.409091">
          <lines>
            <line number="14" hits="0"/>
            <line number="15" hits="0"/>
            <line number="16" hits="0"/>
            <line number="17" hits="2"/>
            <line number="18" hits="1"/>
            <line number="21" hits="0"/>
            <line number="22" hits="0"/>
            <line number="23" hits="0"/>
            <line number="24" hits="0"/>
            <line number="25" hits="0"/>
            <line number="26" hits="0"/>
            <line number="58" hits="3"/>
            <line number="72" hits="1"/>
            <line number="73" hits="1"/>
            <line number="74" hits="0"/>
            <line number="75" hits="0"/>
            <line number="77" hits="1"/>
            <line number="80" hits="2"/>
            <line number="81" hits="1"/>
            <line number="83" hits="0"/>
            <line number="85" hits="0"/>
            <line number="86" hits="1"/>
          </lines>
        </class>
        <class name="lib/crypto.ml" filename="lib/crypto.ml" line-rate="0.910714">
          <lines>
            <line number="5" hits="2"/>
            <line number="6" hits="2"/>
            <line number="9" hits="2"/>
            <line number="12" hits="2"/>
            <line number="13" hits="2"/>
            <line number="14" hits="2"/>
            <line number="15" hits="2"/>
            <line number="16" hits="2"/>
            <line number="17" hits="2"/>
            <line number="22" hits="0"/>
            <line number="23" hits="0"/>
            <line number="24" hits="7568"/>
            <line number="27" hits="40572"/>
            <line number="34" hits="3"/>
            <line number="35" hits="6557"/>
            <line number="39" hits="0"/>
            <line number="41" hits="1"/>
            <line number="42" hits="1"/>
            <line number="43" hits="512"/>
            <line number="44" hits="507"/>
            <line number="45" hits="1"/>
            <line number="46" hits="1"/>
            <line number="50" hits="32599"/>
            <line number="51" hits="20447"/>
            <line number="52" hits="12151"/>
            <line number="53" hits="1"/>
            <line number="57" hits="1008"/>
            <line number="58" hits="1008"/>
            <line number="59" hits="0"/>
            <line number="60" hits="1"/>
            <line number="61" hits="1"/>
            <line number="62" hits="1007"/>
            <line number="63" hits="1007"/>
            <line number="64" hits="16097"/>
            <line number="65" hits="16096"/>
            <line number="66" hits="16096"/>
            <line number="72" hits="0"/>
            <line number="73" hits="3519"/>
            <line number="74" hits="3519"/>
            <line number="75" hits="3519"/>
            <line number="76" hits="3519"/>
            <line number="77" hits="1416949"/>
            <line number="78" hits="1416949"/>
            <line number="80" hits="1416949"/>
            <line number="85" hits="1"/>
            <line number="86" hits="1"/>
            <line number="89" hits="1"/>
            <line number="90" hits="1"/>
            <line number="93" hits="2"/>
            <line number="94" hits="2"/>
            <line number="97" hits="6"/>
            <line number="98" hits="6"/>
            <line number="99" hits="4"/>
            <line number="100" hits="4"/>
            <line number="101" hits="4"/>
            <line number="103" hits="1"/>
          </lines>
        </class>
        <class name="lib/dispatch.ml" filename="lib/dispatch.ml" line-rate="0.562500">
          <lines>
            <line number="5" hits="0"/>
            <line number="6" hits="9"/>
            <line number="7" hits="9"/>
            <line number="8" hits="9"/>
            <line number="10" hits="9"/>
            <line number="11" hits="9"/>
            <line number="12" hits="9"/>
            <line number="13" hits="4"/>
            <line number="16" hits="2"/>
            <line number="17" hits="0"/>
            <line number="20" hits="2"/>
            <line number="21" hits="0"/>
            <line number="23" hits="2"/>
            <line number="24" hits="1"/>
            <line number="25" hits="1"/>
            <line number="26" hits="0"/>
            <line number="27" hits="0"/>
            <line number="28" hits="0"/>
            <line number="29" hits="1"/>
            <line number="30" hits="1"/>
            <line number="31" hits="0"/>
            <line number="32" hits="0"/>
            <line number="33" hits="0"/>
            <line number="34" hits="2"/>
            <line number="35" hits="0"/>
            <line number="37" hits="0"/>
            <line number="38" hits="0"/>
            <line number="39" hits="0"/>
            <line number="40" hits="0"/>
            <line number="41" hits="0"/>
            <line number="42" hits="1"/>
            <line number="43" hits="0"/>
            <line number="44" hits="0"/>
            <line number="45" hits="1"/>
            <line number="51" hits="1"/>
            <line number="53" hits="1"/>
            <line number="55" hits="0"/>
            <line number="56" hits="1"/>
            <line number="57" hits="0"/>
            <line number="60" hits="0"/>
            <line number="65" hits="1"/>
            <line number="66" hits="0"/>
            <line number="67" hits="0"/>
            <line number="68" hits="0"/>
            <line number="69" hits="0"/>
            <line number="70" hits="0"/>
            <line number="71" hits="0"/>
            <line number="72" hits="1"/>
            <line number="74" hits="0"/>
            <line number="76" hits="0"/>
            <line number="77" hits="1"/>
            <line number="79" hits="1"/>
            <line number="81" hits="1"/>
            <line number="86" hits="1006"/>
            <line number="87" hits="136"/>
            <line number="88" hits="122"/>
            <line number="89" hits="122"/>
            <line number="90" hits="148"/>
            <line number="91" hits="116"/>
            <line number="92" hits="362"/>
            <line number="94" hits="53"/>
            <line number="95" hits="73"/>
            <line number="96" hits="64"/>
            <line number="97" hits="172"/>
          </lines>
        </class>
        <class name="lib/vx.ml" filename="lib/vx.ml" line-rate="0.500000">
          <lines>
            <line number="8" hits="503"/>
            <line number="11" hits="0"/>
          </lines>
        </class>
        <class name="lib/vxace.ml" filename="lib/vxace.ml" line-rate="0.793103">
          <lines>
            <line number="12" hits="502"/>
            <line number="13" hits="5"/>
            <line number="14" hits="495"/>
            <line number="15" hits="2"/>
            <line number="16" hits="1"/>
            <line number="17" hits="1"/>
            <line number="19" hits="1"/>
            <line number="24" hits="0"/>
            <line number="25" hits="2"/>
            <line number="27" hits="2"/>
            <line number="29" hits="2"/>
            <line number="31" hits="2"/>
            <line number="33" hits="2"/>
            <line number="35" hits="2"/>
            <line number="36" hits="2"/>
            <line number="37" hits="2"/>
            <line number="38" hits="1"/>
            <line number="39" hits="0"/>
            <line number="43" hits="1"/>
            <line number="45" hits="1"/>
            <line number="47" hits="1"/>
            <line number="50" hits="1"/>
            <line number="54" hits="0"/>
            <line number="58" hits="0"/>
            <line number="62" hits="1"/>
            <line number="64" hits="0"/>
            <line number="65" hits="1"/>
            <line number="66" hits="0"/>
            <line number="72" hits="1"/>
          </lines>
        </class>
        <class name="lib/io.ml" filename="lib/io.ml" line-rate="1.000000">
          <lines>
            <line number="4" hits="8"/>
            <line number="7" hits="12"/>
          </lines>
        </class>
        <class name="lib/vxace_key.ml" filename="lib/vxace_key.ml" line-rate="1.000000">
          <lines>
            <line number="5" hits="321460"/>
            <line number="9" hits="1002"/>
            <line number="10" hits="1002"/>
            <line number="11" hits="1002"/>
            <line number="12" hits="1002"/>
            <line number="13" hits="1002"/>
            <line number="18" hits="8"/>
            <line number="21" hits="2306918"/>
            <line number="25" hits="501"/>
            <line number="26" hits="501"/>
            <line number="27" hits="501"/>
            <line number="29" hits="1025339"/>
            <line number="30" hits="1025339"/>
            <line number="31" hits="256154"/>
            <line number="38" hits="2502"/>
            <line number="39" hits="2502"/>
            <line number="40" hits="2502"/>
            <line number="43" hits="1281571"/>
            <line number="44" hits="1281571"/>
            <line number="45" hits="1281571"/>
            <line number="46" hits="319458"/>
            <line number="47" hits="319458"/>
          </lines>
        </class>
        <class name="lib/walk.ml" filename="lib/walk.ml" line-rate="0.750000">
          <lines>
            <line number="23" hits="3"/>
            <line number="24" hits="3"/>
            <line number="28" hits="2"/>
            <line number="32" hits="2"/>
            <line number="33" hits="0"/>
            <line number="34" hits="2"/>
            <line number="37" hits="2"/>
            <line number="38" hits="2"/>
            <line number="39" hits="0"/>
            <line number="42" hits="5"/>
            <line number="43" hits="0"/>
            <line number="44" hits="5"/>
            <line number="46" hits="5"/>
            <line number="47" hits="6"/>
            <line number="48" hits="6"/>
            <line number="49" hits="3"/>
            <line number="50" hits="3"/>
            <line number="51" hits="0"/>
            <line number="54" hits="0"/>
            <line number="55" hits="0"/>
            <line number="57" hits="2"/>
            <line number="58" hits="2"/>
            <line number="59" hits="2"/>
            <line number="60" hits="2"/>
            <line number="61" hits="2"/>
            <line number="66" hits="2"/>
            <line number="67" hits="2"/>
            <line number="70" hits="0"/>
          </lines>
        </class>
        <class name="lib/xp.ml" filename="lib/xp.ml" line-rate="0.500000">
          <lines>
            <line number="8" hits="503"/>
            <line number="11" hits="0"/>
          </lines>
        </class>
        <class name="lib/mz.ml" filename="lib/mz.ml" line-rate="0.666667">
          <lines>
            <line number="15" hits="4"/>
            <line number="17" hits="4"/>
            <line number="18" hits="4"/>
            <line number="19" hits="0"/>
            <line number="21" hits="1"/>
            <line number="23" hits="3"/>
            <line number="24" hits="0"/>
            <line number="27" hits="0"/>
            <line number="28" hits="0"/>
            <line number="33" hits="3"/>
            <line number="36" hits="3"/>
            <line number="37" hits="0"/>
            <line number="38" hits="4"/>
            <line number="39" hits="4"/>
            <line number="40" hits="4"/>
            <line number="41" hits="4"/>
            <line number="49" hits="3"/>
            <line number="50" hits="0"/>
          </lines>
        </class>
        <class name="lib/log.ml" filename="lib/log.ml" line-rate="0.346154">
          <lines>
            <line number="16" hits="5"/>
            <line number="17" hits="5"/>
            <line number="19" hits="52"/>
            <line number="20" hits="1"/>
            <line number="21" hits="1"/>
            <line number="22" hits="1"/>
            <line number="23" hits="0"/>
            <line number="24" hits="0"/>
            <line number="25" hits="0"/>
            <line number="26" hits="49"/>
            <line number="28" hits="5"/>
            <line number="31" hits="2"/>
            <line number="32" hits="2"/>
            <line number="37" hits="1"/>
            <line number="39" hits="1"/>
            <line number="40" hits="1"/>
            <line number="43" hits="1"/>
            <line number="45" hits="1"/>
            <line number="46" hits="1"/>
            <line number="49" hits="1"/>
            <line number="50" hits="1"/>
            <line number="53" hits="0"/>
            <line number="54" hits="0"/>
            <line number="56" hits="0"/>
            <line number="57" hits="0"/>
            <line number="59" hits="0"/>
            <line number="60" hits="0"/>
            <line number="61" hits="0"/>
            <line number="62" hits="0"/>
            <line number="65" hits="0"/>
            <line number="66" hits="0"/>
            <line number="67" hits="0"/>
            <line number="68" hits="0"/>
            <line number="70" hits="0"/>
            <line number="71" hits="0"/>
            <line number="73" hits="0"/>
            <line number="74" hits="0"/>
            <line number="77" hits="0"/>
            <line number="81" hits="0"/>
            <line number="82" hits="0"/>
            <line number="84" hits="0"/>
            <line number="99" hits="0"/>
            <line number="100" hits="0"/>
            <line number="102" hits="0"/>
            <line number="103" hits="0"/>
            <line number="104" hits="0"/>
            <line number="105" hits="0"/>
            <line number="106" hits="0"/>
            <line number="107" hits="0"/>
            <line number="108" hits="0"/>
            <line number="109" hits="0"/>
            <line number="110" hits="0"/>
          </lines>
        </class>
        <class name="lib/key_discovery.ml" filename="lib/key_discovery.ml" line-rate="0.356522">
          <lines>
            <line number="11" hits="1"/>
            <line number="15" hits="1"/>
            <line number="18" hits="1"/>
            <line number="20" hits="1"/>
            <line number="22" hits="1"/>
            <line number="23" hits="0"/>
            <line number="24" hits="0"/>
            <line number="25" hits="0"/>
            <line number="28" hits="1"/>
            <line number="29" hits="0"/>
            <line number="31" hits="1"/>
            <line number="32" hits="1"/>
            <line number="33" hits="1"/>
            <line number="34" hits="1"/>
            <line number="36" hits="1"/>
            <line number="37" hits="0"/>
            <line number="39" hits="0"/>
            <line number="40" hits="0"/>
            <line number="42" hits="0"/>
            <line number="43" hits="0"/>
            <line number="46" hits="0"/>
            <line number="47" hits="0"/>
            <line number="49" hits="0"/>
            <line number="50" hits="0"/>
            <line number="51" hits="0"/>
            <line number="52" hits="0"/>
            <line number="54" hits="0"/>
            <line number="55" hits="0"/>
            <line number="56" hits="0"/>
            <line number="58" hits="0"/>
            <line number="60" hits="0"/>
            <line number="61" hits="0"/>
            <line number="62" hits="0"/>
            <line number="63" hits="0"/>
            <line number="64" hits="0"/>
            <line number="66" hits="0"/>
            <line number="70" hits="0"/>
            <line number="71" hits="0"/>
            <line number="72" hits="0"/>
            <line number="73" hits="0"/>
            <line number="74" hits="0"/>
            <line number="75" hits="0"/>
            <line number="79" hits="0"/>
            <line number="80" hits="0"/>
            <line number="81" hits="0"/>
            <line number="82" hits="0"/>
            <line number="83" hits="0"/>
            <line number="84" hits="0"/>
            <line number="85" hits="0"/>
            <line number="86" hits="0"/>
            <line number="87" hits="0"/>
            <line number="92" hits="1"/>
            <line number="93" hits="1"/>
            <line number="94" hits="1"/>
            <line number="95" hits="1"/>
            <line number="96" hits="1"/>
            <line number="97" hits="1"/>
            <line number="99" hits="1"/>
            <line number="100" hits="1"/>
            <line number="101" hits="0"/>
            <line number="103" hits="0"/>
            <line number="104" hits="0"/>
            <line number="106" hits="0"/>
            <line number="107" hits="0"/>
            <line number="108" hits="0"/>
            <line number="109" hits="0"/>
            <line number="110" hits="0"/>
            <line number="116" hits="0"/>
            <line number="117" hits="0"/>
            <line number="118" hits="0"/>
            <line number="119" hits="0"/>
            <line number="120" hits="0"/>
            <line number="121" hits="0"/>
            <line number="123" hits="0"/>
            <line number="124" hits="0"/>
            <line number="125" hits="0"/>
            <line number="126" hits="0"/>
            <line number="127" hits="0"/>
            <line number="132" hits="1"/>
            <line number="134" hits="0"/>
            <line number="135" hits="0"/>
            <line number="136" hits="1"/>
            <line number="137" hits="0"/>
            <line number="141" hits="1"/>
            <line number="142" hits="0"/>
            <line number="143" hits="1"/>
            <line number="146" hits="1"/>
            <line number="147" hits="1"/>
            <line number="149" hits="1"/>
            <line number="151" hits="0"/>
            <line number="152" hits="0"/>
            <line number="153" hits="0"/>
            <line number="156" hits="0"/>
            <line number="157" hits="0"/>
            <line number="158" hits="0"/>
            <line number="160" hits="0"/>
            <line number="161" hits="0"/>
            <line number="167" hits="1"/>
            <line number="168" hits="1"/>
            <line number="173" hits="1"/>
            <line number="179" hits="1"/>
            <line number="181" hits="1"/>
            <line number="182" hits="0"/>
            <line number="183" hits="1"/>
            <line number="187" hits="2"/>
            <line number="188" hits="0"/>
            <line number="189" hits="2"/>
            <line number="191" hits="2"/>
            <line number="192" hits="2"/>
            <line number="194" hits="2"/>
            <line number="195" hits="2"/>
            <line number="196" hits="1"/>
            <line number="199" hits="1"/>
            <line number="203" hits="0"/>
            <line number="205" hits="1"/>
          </lines>
        </class>
      </classes>
    </package>
  </packages>
</coverage>