<?xml version="1.0" ?>
<coverage lines-valid="708" lines-covered="407" line-rate="0.574859">
  <sources>
    <source>.</source>
  </sources>
  <packages>
    <package name="." line-rate="0.574859">
      <classes>
        <class name="lib/mv.ml" filename="lib/mv.ml" line-rate="0.636364">
          <lines>
            <line number="12" hits="0"/>
            <line number="13" hits="13"/>
            <line number="14" hits="0"/>
            <line number="15" hits="501"/>
            <line number="16" hits="500"/>
            <line number="17" hits="0"/>
            <line number="18" hits="501"/>
            <line number="19" hits="501"/>
            <line number="20" hits="496"/>
            <line number="21" hits="0"/>
            <line number="22" hits="0"/>
            <line number="23" hits="0"/>
            <line number="24" hits="501"/>
            <line number="27" hits="13"/>
            <line number="28" hits="0"/>
            <line number="29" hits="0"/>
            <line number="30" hits="0"/>
            <line number="31" hits="0"/>
            <line number="32" hits="0"/>
            <line number="44" hits="514"/>
            <line number="45" hits="1"/>
            <line number="49" hits="2"/>
            <line number="50" hits="2"/>
            <line number="51" hits="2"/>
            <line number="52" hits="2"/>
            <line number="53" hits="32"/>
            <line number="54" hits="32"/>
            <line number="56" hits="32"/>
            <line number="63" hits="0"/>
            <line number="64" hits="0"/>
            <line number="66" hits="2"/>
            <line number="69" hits="2"/>
            <line number="70" hits="0"/>
            <line number="71" hits="2"/>
            <line number="73" hits="512"/>
            <line number="74" hits="1"/>
            <line number="75" hits="511"/>
            <line number="79" hits="511"/>
            <line number="80" hits="501"/>
            <line number="81" hits="10"/>
            <line number="86" hits="4"/>
            <line number="87" hits="0"/>
            <line number="88" hits="4"/>
            <line number="89" hits="0"/>
          </lines>
        </class>
        <class name="lib/report.ml" filename="lib/report.ml" line-rate="0.443946">
          <lines>
            <line number="17" hits="0"/>
            <line number="18" hits="25"/>
            <line number="19" hits="25"/>
            <line number="20" hits="0"/>
            <line number="24" hits="5"/>
            <line number="25" hits="2"/>
            <line number="26" hits="5"/>
            <line number="29" hits="4"/>
            <line number="30" hits="3"/>
            <line number="31" hits="4"/>
            <line number="34" hits="6"/>
            <line number="35" hits="0"/>
            <line number="41" hits="6"/>
            <line number="42" hits="6"/>
            <line number="43" hits="0"/>
            <line number="44" hits="0"/>
            <line number="51" hits="0"/>
            <line number="52" hits="0"/>
            <line number="54" hits="0"/>
            <line number="55" hits="0"/>
            <line number="56" hits="0"/>
            <line number="57" hits="0"/>
            <line number="59" hits="0"/>
            <line number="63" hits="379"/>
            <line number="64" hits="0"/>
            <line number="65" hits="0"/>
            <line number="66" hits="1936"/>
            <line number="70" hits="9230"/>
            <line number="71" hits="9222"/>
            <line number="72" hits="22"/>
            <line number="73" hits="22"/>
            <line number="81" hits="10"/>
            <line number="82" hits="4615"/>
            <line number="83" hits="11"/>
            <line number="85" hits="0"/>
            <line number="86" hits="0"/>
            <line number="88" hits="0"/>
            <line number="92" hits="11"/>
            <line number="93" hits="4604"/>
            <line number="96" hits="4615"/>
            <line number="97" hits="4615"/>
            <line number="98" hits="26281"/>
            <line number="99" hits="53690"/>
            <line number="100" hits="379"/>
            <line number="101" hits="433327"/>
            <line number="103" hits="4615"/>
            <line number="104" hits="11"/>
            <line number="108" hits="2303"/>
            <line number="109" hits="0"/>
            <line number="110" hits="0"/>
            <line number="111" hits="2303"/>
            <line number="113" hits="2303"/>
            <line number="114" hits="0"/>
            <line number="115" hits="2303"/>
            <line number="118" hits="2303"/>
            <line number="119" hits="131"/>
            <line number="120" hits="1349"/>
            <line number="121" hits="1480"/>
            <line number="122" hits="823"/>
            <line number="125" hits="9"/>
            <line number="134" hits="1"/>
            <line number="135" hits="1"/>
            <line number="137" hits="0"/>
            <line number="138" hits="5"/>
            <line number="141" hits="8"/>
            <line number="142" hits="1"/>
            <line number="147" hits="0"/>
            <line number="150" hits="8"/>
            <line number="151" hits="4"/>
            <line number="152" hits="4"/>
            <line number="153" hits="4"/>
            <line number="154" hits="0"/>
            <line number="155" hits="0"/>
            <line number="164" hits="1"/>
            <line number="165" hits="1"/>
            <line number="166" hits="2"/>
            <line number="167" hits="2"/>
            <line number="169" hits="1"/>
            <line number="170" hits="1"/>
            <line number="175" hits="1"/>
            <line number="176" hits="5"/>
            <line number="177" hits="0"/>
            <line number="178" hits="5"/>
            <line number="181" hits="8"/>
            <line number="182" hits="8"/>
            <line number="183" hits="4"/>
            <line number="184" hits="4"/>
            <line number="185" hits="1"/>
            <line number="187" hits="0"/>
            <line number="188" hits="1"/>
            <line number="190" hits="1"/>
            <line number="191" hits="0"/>
            <line number="193" hits="0"/>
            <line number="200" hits="0"/>
            <line number="201" hits="0"/>
            <line number="202" hits="0"/>
            <line number="203" hits="0"/>
            <line number="206" hits="0"/>
            <line number="207" hits="0"/>
            <line number="208" hits="0"/>
            <line number="209" hits="0"/>
            <line number="214" hits="0"/>
            <line number="215" hits="0"/>
            <line number="217" hits="0"/>
            <line number="219" hits="0"/>
            <line number="222" hits="0"/>
            <line number="224" hits="0"/>
            <line number="225" hits="0"/>
            <line number="226" hits="0"/>
            <line number="227" hits="0"/>
            <line number="232" hits="0"/>
            <line number="233" hits="0"/>
            <line number="234" hits="0"/>
            <line number="235" hits="0"/>
            <line number="236" hits="0"/>
            <line number="238" hits="0"/>
            <line number="239" hits="0"/>
            <line number="241" hits="0"/>
            <line number="242" hits="0"/>
            <line number="245" hits="0"/>
            <line number="248" hits="0"/>
            <line number="249" hits="0"/>
            <line number="251" hits="0"/>
            <line number="254" hits="0"/>
            <line number="259" hits="0"/>
            <line number="269" hits="0"/>
            <line number="270" hits="0"/>
            <line number="272" hits="0"/>
            <line number="274" hits="0"/>
            <line number="277" hits="0"/>
            <line number="279" hits="0"/>
            <line number="280" hits="0"/>
            <line number="281" hits="0"/>
            <line number="282" hits="0"/>
            <line number="287" hits="0"/>
            <line number="288" hits="0"/>
            <line number="289" hits="0"/>
            <line number="290" hits="0"/>
            <line number="291" hits="0"/>
            <line number="293" hits="0"/>
            <line number="294" hits="0"/>
            <line number="296" hits="0"/>
            <line number="297" hits="0"/>
            <line number="299" hits="0"/>
            <line number="301" hits="0"/>
            <line number="302" hits="0"/>
            <line number="303" hits="0"/>
            <line number="305" hits="0"/>
            <line number="308" hits="0"/>
            <line number="313" hits="0"/>
            <line number="317" hits="4"/>
            <line number="319" hits="4"/>
            <line number="320" hits="4"/>
            <line number="323" hits="4"/>
            <line number="329" hits="1"/>
            <line number="330" hits="1"/>
            <line number="331" hits="4"/>
            <line number="333" hits="6"/>
            <line number="334" hits="6"/>
            <line number="335" hits="6"/>
            <line number="336" hits="6"/>
            <line number="338" hits="6"/>
            <line number="339" hits="5"/>
            <line number="341" hits="5"/>
            <line number="342" hits="5"/>
            <line number="344" hits="5"/>
            <line number="345" hits="5"/>
            <line number="349" hits="5"/>
            <line number="350" hits="2"/>
            <line number="351" hits="2"/>
            <line number="352" hits="0"/>
            <line number="353" hits="5"/>
            <line number="354" hits="5"/>
            <line number="357" hits="5"/>
            <line number="363" hits="0"/>
            <line number="369" hits="0"/>
            <line number="372" hits="0"/>
            <line number="373" hits="0"/>
            <line number="374" hits="0"/>
            <line number="376" hits="0"/>
            <line number="377" hits="0"/>
            <line number="379" hits="0"/>
            <line number="381" hits="0"/>
            <line number="383" hits="0"/>
            <line number="386" hits="0"/>
            <line number="388" hits="0"/>
            <line number="389" hits="0"/>
            <line number="390" hits="0"/>
            <line number="392" hits="1"/>
            <line number="394" hits="1"/>
            <line number="396" hits="1"/>
            <line number="397" hits="0"/>
            <line number="402" hits="1"/>
            <line number="403" hits="1"/>
            <line number="405" hits="1"/>
            <line number="406" hits="1"/>
            <line number="411" hits="1"/>
            <line number="412" hits="1"/>
            <line number="416" hits="0"/>
            <line number="418" hits="0"/>
            <line number="419" hits="0"/>
            <line number="420" hits="0"/>
            <line number="423" hits="0"/>
            <line number="429" hits="0"/>
            <line number="431" hits="0"/>
            <line number="433" hits="0"/>
            <line number="435" hits="0"/>
            <line number="437" hits="0"/>
            <line number="439" hits="0"/>
            <line number="440" hits="0"/>
            <line number="442" hits="0"/>
            <line number="445" hits="0"/>
            <line number="446" hits="0"/>
            <line number="448" hits="0"/>
            <line number="449" hits="0"/>
            <line number="452" hits="0"/>
            <line number="454" hits="0"/>
            <line number="455" hits="0"/>
            <line number="456" hits="0"/>
            <line number="457" hits="0"/>
            <line number="458" hits="0"/>
            <line number="463" hits="1"/>
            <line number="464" hits="4"/>
          </lines>
        </class>
        <class name="lib/rgssad_core.ml" filename="lib/rgssad_core.ml" line-rate="0.866667">
          <lines>
            <line number="30" hits="57"/>
            <line number="31" hits="57"/>
            <line number="34" hits="14"/>
            <line number="35" hits="14"/>
            <line number="36" hits="14"/>
            <line number="37" hits="14"/>
            <line number="40" hits="1505"/>
            <line number="41" hits="3"/>
            <line number="42" hits="1498"/>
            <line number="43" hits="4"/>
            <line number="44" hits="1"/>
            <line number="45" hits="3"/>
            <line number="53" hits="2"/>
            <line number="54" hits="3"/>
            <line number="55" hits="3"/>
            <line number="56" hits="3"/>
            <line number="58" hits="0"/>
            <line number="59" hits="2"/>
            <line number="61" hits="2"/>
            <line number="62" hits="34"/>
            <line number="63" hits="34"/>
            <line number="64" hits="34"/>
            <line number="67" hits="0"/>
            <line number="68" hits="2"/>
            <line number="69" hits="2"/>
            <line number="70" hits="2"/>
            <line number="73" hits="0"/>
            <line number="74" hits="2"/>
            <line number="79" hits="2"/>
            <line number="80" hits="0"/>
            <line number="81" hits="2"/>
            <line number="88" hits="2"/>
            <line number="94" hits="1"/>
            <line number="99" hits="2"/>
            <line number="101" hits="0"/>
            <line number="102" hits="2"/>
            <line number="103" hits="0"/>
            <line number="110" hits="2"/>
            <line number="111" hits="2"/>
            <line number="112" hits="2"/>
            <line number="115" hits="18"/>
            <line number="116" hits="18"/>
            <line number="119" hits="80"/>
            <line number="120" hits="80"/>
            <line number="121" hits="80"/>
          </lines>
        </class>
        <class name="lib/types.ml" filename="lib/types.ml" line-rate="0.454545">
          <lines>
            <line number="14" hits="0"/>
            <line number="15" hits="0"/>
            <line number="16" hits="0"/>
            <line number="17" hits="6"/>
            <line number="18" hits="1"/>
            <line number="21" hits="0"/>
            <line number="22" hits="0"/>
            <line number="23" hits="0"/>
            <line number="24" hits="0"/>
            <line number="25" hits="0"/>
            <line number="26" hits="0"/>
            <line number="58" hits="5"/>
            <line number="72" hits="5"/>
            <line number="73" hits="3"/>
            <line number="74" hits="2"/>
            <line number="75" hits="0"/>
            <line number="77" hits="5"/>
            <line number="80" hits="6"/>
            <line number="81" hits="5"/>
            <line number="83" hits="0"/>
            <line number="85" hits="0"/>
            <line number="86" hits="1"/>
          </lines>
        </class>
        <class name="lib/crypto.ml" filename="lib/crypto.ml" line-rate="0.910714">
          <lines>
            <line number="5" hits="2"/>
            <line number="6" hits="2"/>
            <line number="9" hits="2"/>
            <line number="12" hits="2"/>
            <line number="13" hits="2"/>
            <line number="14" hits="2"/>
            <line number="15" hits="2"/>
            <line number="16" hits="2"/>
            <line number="17" hits="2"/>
            <line number="22" hits="0"/>
            <line number="23" hits="0"/>
            <line number="24" hits="8116"/>
            <line number="27" hits="42251"/>
            <line number="34" hits="3"/>
            <line number="35" hits="7100"/>
            <line number="39" hits="0"/>
            <line number="41" hits="1"/>
            <line number="42" hits="1"/>
            <line number="43" hits="517"/>
            <line number="44" hits="512"/>
            <line number="45" hits="1"/>
            <line number="46" hits="1"/>
            <line number="50" hits="32863"/>
            <line number="51" hits="20651"/>
            <line number="52" hits="12211"/>
            <line number="53" hits="1"/>
            <line number="57" hits="1010"/>
            <line number="58" hits="1010"/>
            <line number="59" hits="0"/>
            <line number="60" hits="1"/>
            <line number="61" hits="1"/>
            <line number="62" hits="1009"/>
            <line number="63" hits="1009"/>
            <line number="64" hits="16129"/>
            <line number="65" hits="16128"/>
            <line number="66" hits="16128"/>
            <line number="72" hits="0"/>
            <line number="73" hits="3525"/>
            <line number="74" hits="3525"/>
            <line number="75" hits="3525"/>
            <line number="76" hits="3525"/>
            <line number="77" hits="1417063"/>
            <line number="78" hits="1417063"/>
            <line number="80" hits="1417063"/>
            <line number="85" hits="510"/>
            <line number="86" hits="510"/>
            <line number="89" hits="509"/>
            <line number="90" hits="509"/>
            <line number="93" hits="2"/>
            <line number="94" hits="2"/>
            <line number="97" hits="9"/>
            <line number="98" hits="9"/>
            <line number="99" hits="6"/>
            <line number="100" hits="6"/>
            <line number="101" hits="6"/>
            <line number="103" hits="1"/>
          </lines>
        </class>
        <class name="lib/dispatch.ml" filename="lib/dispatch.ml" line-rate="0.586207">
          <lines>
            <line number="4" hits="0"/>
            <line number="5" hits="15"/>
            <line number="6" hits="15"/>
            <line number="7" hits="15"/>
            <line number="9" hits="15"/>
            <line number="10" hits="15"/>
            <line number="11" hits="15"/>
            <line number="12" hits="5"/>
            <line number="15" hits="2"/>
            <line number="16" hits="0"/>
            <line number="22" hits="1"/>
            <line number="23" hits="0"/>
            <line number="24" hits="1"/>
            <line number="25" hits="0"/>
            <line number="26" hits="1"/>
            <line number="31" hits="1"/>
            <line number="32" hits="0"/>
            <line number="33" hits="0"/>
            <line number="34" hits="0"/>
            <line number="35" hits="2"/>
            <line number="36" hits="0"/>
            <line number="38" hits="0"/>
            <line number="39" hits="0"/>
            <line number="40" hits="0"/>
            <line number="41" hits="1"/>
            <line number="42" hits="0"/>
            <line number="43" hits="0"/>
            <line number="44" hits="1"/>
            <line number="50" hits="5"/>
            <line number="52" hits="5"/>
            <line number="54" hits="0"/>
            <line number="55" hits="5"/>
            <line number="56" hits="0"/>
            <line number="59" hits="0"/>
            <line number="64" hits="1"/>
            <line number="65" hits="0"/>
            <line number="66" hits="0"/>
            <line number="67" hits="0"/>
            <line number="68" hits="0"/>
            <line number="69" hits="0"/>
            <line number="70" hits="0"/>
            <line number="71" hits="1"/>
            <line number="73" hits="0"/>
            <line number="75" hits="0"/>
            <line number="76" hits="1"/>
            <line number="78" hits="1"/>
            <line number="80" hits="1"/>
            <line number="85" hits="1006"/>
            <line number="86" hits="136"/>
            <line number="87" hits="122"/>
            <line number="88" hits="122"/>
            <line number="89" hits="148"/>
            <line number="90" hits="116"/>
            <line number="91" hits="362"/>
            <line number="93" hits="53"/>
            <line number="94" hits="73"/>
            <line number="95" hits="64"/>
            <line number="96" hits="172"/>
          </lines>
        </class>
        <class name="lib/vx.ml" filename="lib/vx.ml" line-rate="0.500000">
          <lines>
            <line number="9" hits="501"/>
            <line number="12" hits="0"/>
          </lines>
        </class>
        <class name="lib/vxace.ml" filename="lib/vxace.ml" line-rate="0.793103">
          <lines>
            <line number="12" hits="502"/>
            <line number="13" hits="5"/>
            <line number="14" hits="495"/>
            <line number="15" hits="2"/>
            <line number="16" hits="1"/>
            <line number="17" hits="1"/>
            <line number="19" hits="1"/>
            <line number="24" hits="0"/>
            <line number="25" hits="2"/>
            <line number="27" hits="2"/>
            <line number="29" hits="2"/>
            <line number="31" hits="2"/>
            <line number="33" hits="2"/>
            <line number="35" hits="2"/>
            <line number="36" hits="2"/>
            <line number="37" hits="2"/>
            <line number="38" hits="1"/>
            <line number="39" hits="0"/>
            <line number="43" hits="1"/>
            <line number="45" hits="1"/>
            <line number="47" hits="1"/>
            <line number="50" hits="1"/>
            <line number="54" hits="0"/>
            <line number="58" hits="0"/>
            <line number="62" hits="1"/>
            <line number="64" hits="0"/>
            <line number="65" hits="1"/>
            <line number="66" hits="0"/>
            <line number="72" hits="1"/>
          </lines>
        </class>
        <class name="lib/io.ml" filename="lib/io.ml" line-rate="1.000000">
          <lines>
            <line number="4" hits="21"/>
            <line number="7" hits="28"/>
          </lines>
        </class>
        <class name="lib/vxace_key.ml" filename="lib/vxace_key.ml" line-rate="1.000000">
          <lines>
            <line number="5" hits="321460"/>
            <line number="9" hits="1002"/>
            <line number="10" hits="1002"/>
            <line number="11" hits="1002"/>
            <line number="12" hits="1002"/>
            <line number="13" hits="1002"/>
            <line number="18" hits="8"/>
            <line number="21" hits="2306918"/>
            <line number="25" hits="501"/>
            <line number="26" hits="501"/>
            <line number="27" hits="501"/>
            <line number="29" hits="1025339"/>
            <line number="30" hits="1025339"/>
            <line number="31" hits="256154"/>
            <line number="38" hits="2502"/>
            <line number="39" hits="2502"/>
            <line number="40" hits="2502"/>
            <line number="43" hits="1281571"/>
            <line number="44" hits="1281571"/>
            <line number="45" hits="1281571"/>
            <line number="46" hits="319458"/>
            <line number="47" hits="319458"/>
          </lines>
        </class>
        <class name="lib/walk.ml" filename="lib/walk.ml" line-rate="0.750000">
          <lines>
            <line number="23" hits="11"/>
            <line number="24" hits="11"/>
            <line number="28" hits="6"/>
            <line number="32" hits="6"/>
            <line number="33" hits="0"/>
            <line number="34" hits="6"/>
            <line number="37" hits="6"/>
            <line number="38" hits="6"/>
            <line number="39" hits="0"/>
            <line number="42" hits="15"/>
            <line number="43" hits="0"/>
            <line number="44" hits="15"/>
            <line number="46" hits="15"/>
            <line number="47" hits="22"/>
            <line number="48" hits="22"/>
            <line number="49" hits="11"/>
            <line number="50" hits="11"/>
            <line number="51" hits="0"/>
            <line number="54" hits="0"/>
            <line number="55" hits="0"/>
            <line number="57" hits="4"/>
            <line number="58" hits="4"/>
            <line number="59" hits="4"/>
            <line number="60" hits="6"/>
            <line number="61" hits="6"/>
            <line number="66" hits="6"/>
            <line number="67" hits="6"/>
            <line number="70" hits="0"/>
          </lines>
        </class>
        <class name="lib/xp.ml" filename="lib/xp.ml" line-rate="0.500000">
          <lines>
            <line number="8" hits="504"/>
            <line number="11" hits="0"/>
          </lines>
        </class>
        <class name="lib/mz.ml" filename="lib/mz.ml" line-rate="0.666667">
          <lines>
            <line number="15" hits="4"/>
            <line number="17" hits="4"/>
            <line number="18" hits="4"/>
            <line number="19" hits="0"/>
            <line number="21" hits="1"/>
            <line number="23" hits="3"/>
            <line number="24" hits="0"/>
            <line number="27" hits="0"/>
            <line number="28" hits="0"/>
            <line number="33" hits="3"/>
            <line number="36" hits="3"/>
            <line number="37" hits="0"/>
            <line number="38" hits="4"/>
            <line number="39" hits="4"/>
            <line number="40" hits="4"/>
            <line number="41" hits="4"/>
            <line number="49" hits="3"/>
            <line number="50" hits="0"/>
          </lines>
        </class>
        <class name="lib/log.ml" filename="lib/log.ml" line-rate="0.346154">
          <lines>
            <line number="16" hits="5"/>
            <line number="17" hits="5"/>
            <line number="19" hits="52"/>
            <line number="20" hits="1"/>
            <line number="21" hits="1"/>
            <line number="22" hits="1"/>
            <line number="23" hits="0"/>
            <line number="24" hits="0"/>
            <line number="25" hits="0"/>
            <line number="26" hits="49"/>
            <line number="28" hits="5"/>
            <line number="31" hits="2"/>
            <line number="32" hits="2"/>
            <line number="37" hits="1"/>
            <line number="39" hits="1"/>
            <line number="40" hits="1"/>
            <line number="43" hits="1"/>
            <line number="45" hits="1"/>
            <line number="46" hits="1"/>
            <line number="49" hits="1"/>
            <line number="50" hits="1"/>
            <line number="53" hits="0"/>
            <line number="54" hits="0"/>
            <line number="56" hits="0"/>
            <line number="57" hits="0"/>
            <line number="59" hits="0"/>
            <line number="60" hits="0"/>
            <line number="61" hits="0"/>
            <line number="62" hits="0"/>
            <line number="65" hits="0"/>
            <line number="66" hits="0"/>
            <line number="67" hits="0"/>
            <line number="68" hits="0"/>
            <line number="70" hits="0"/>
            <line number="71" hits="0"/>
            <line number="73" hits="0"/>
            <line number="74" hits="0"/>
            <line number="77" hits="0"/>
            <line number="81" hits="0"/>
            <line number="82" hits="0"/>
            <line number="84" hits="0"/>
            <line number="99" hits="0"/>
            <line number="100" hits="0"/>
            <line number="102" hits="0"/>
            <line number="103" hits="0"/>
            <line number="104" hits="0"/>
            <line number="105" hits="0"/>
            <line number="106" hits="0"/>
            <line number="107" hits="0"/>
            <line number="108" hits="0"/>
            <line number="109" hits="0"/>
            <line number="110" hits="0"/>
          </lines>
        </class>
        <class name="lib/key_discovery.ml" filename="lib/key_discovery.ml" line-rate="0.438095">
          <lines>
            <line number="11" hits="1"/>
            <line number="15" hits="1"/>
            <line number="18" hits="2"/>
            <line number="20" hits="2"/>
            <line number="22" hits="2"/>
            <line number="23" hits="0"/>
            <line number="24" hits="0"/>
            <line number="25" hits="0"/>
            <line number="28" hits="3"/>
            <line number="29" hits="1"/>
            <line number="31" hits="2"/>
            <line number="32" hits="2"/>
            <line number="33" hits="2"/>
            <line number="34" hits="2"/>
            <line number="36" hits="2"/>
            <line number="37" hits="0"/>
            <line number="39" hits="0"/>
            <line number="40" hits="0"/>
            <line number="42" hits="0"/>
            <line number="43" hits="0"/>
            <line number="46" hits="0"/>
            <line number="47" hits="0"/>
            <line number="49" hits="0"/>
            <line number="50" hits="0"/>
            <line number="51" hits="0"/>
            <line number="52" hits="0"/>
            <line number="54" hits="0"/>
            <line number="55" hits="0"/>
            <line number="56" hits="0"/>
            <line number="58" hits="0"/>
            <line number="60" hits="0"/>
            <line number="61" hits="0"/>
            <line number="62" hits="0"/>
            <line number="63" hits="0"/>
            <line number="64" hits="0"/>
            <line number="66" hits="0"/>
            <line number="70" hits="0"/>
            <line number="71" hits="0"/>
            <line number="72" hits="0"/>
            <line number="73" hits="0"/>
            <line number="74" hits="0"/>
            <line number="75" hits="0"/>
            <line number="76" hits="0"/>
            <line number="77" hits="0"/>
            <line number="78" hits="0"/>
            <line number="86" hits="2"/>
            <line number="88" hits="0"/>
            <line number="89" hits="1"/>
            <line number="90" hits="1"/>
            <line number="95" hits="3"/>
            <line number="96" hits="3"/>
            <line number="97" hits="3"/>
            <line number="101" hits="2"/>
            <line number="103" hits="3"/>
            <line number="106" hits="2"/>
            <line number="107" hits="0"/>
            <line number="108" hits="3"/>
            <line number="109" hits="1"/>
            <line number="113" hits="2"/>
            <line number="114" hits="0"/>
            <line number="116" hits="0"/>
            <line number="117" hits="0"/>
            <line number="124" hits="0"/>
            <line number="125" hits="0"/>
            <line number="126" hits="0"/>
            <line number="127" hits="0"/>
            <line number="128" hits="0"/>
            <line number="129" hits="0"/>
            <line number="133" hits="1"/>
            <line number="135" hits="0"/>
            <line number="136" hits="0"/>
            <line number="137" hits="1"/>
            <line number="138" hits="0"/>
            <line number="142" hits="1"/>
            <line number="143" hits="0"/>
            <line number="144" hits="1"/>
            <line number="147" hits="1"/>
            <line number="148" hits="1"/>
            <line number="150" hits="1"/>
            <line number="152" hits="0"/>
            <line number="153" hits="0"/>
            <line number="154" hits="0"/>
            <line number="157" hits="0"/>
            <line number="158" hits="0"/>
            <line number="159" hits="0"/>
            <line number="161" hits="0"/>
            <line number="162" hits="0"/>
            <line number="168" hits="1"/>
            <line number="169" hits="1"/>
            <line number="174" hits="1"/>
            <line number="180" hits="1"/>
            <line number="182" hits="1"/>
            <line number="183" hits="0"/>
            <line number="184" hits="1"/>
            <line number="188" hits="2"/>
            <line number="189" hits="0"/>
            <line number="190" hits="2"/>
            <line number="192" hits="2"/>
            <line number="193" hits="2"/>
            <line number="195" hits="2"/>
            <line number="196" hits="2"/>
            <line number="197" hits="1"/>
            <line number="200" hits="1"/>
            <line number="204" hits="0"/>
            <line number="206" hits="1"/>
          </lines>
        </class>
      </classes>
    </package>
  </packages>
</coverage>